[2025-05-26 20:58:23] [DEBUG] Application starting...
[2025-05-26 20:58:23] [DEBUG] HTTP detected - secure cookies disabled
[2025-05-26 20:58:23] [DEBUG] Starting session...
[2025-05-26 20:58:23] [DEBUG] Session started. Session ID: ls6co4cdpvj0e2rsqq7lhbc0is
[2025-05-26 20:58:23] [DEBUG] Session data: Array
(
    [csrf_token] => 016dc6646a1891bed46bcfccf4cb43f728ec0f156a42955ae0745a6e53b820d5
)

[2025-05-26 20:58:23] [DEBUG] Environment loaded successfully
[2025-05-26 20:58:23] [DEBUG] Dispatching router...
[2025-05-26 20:58:23] [DEBUG] Router dispatch started
[2025-05-26 20:58:23] [DEBUG] Request: POST /login
[2025-05-26 20:58:23] [DEBUG] Session in router: Array
(
    [csrf_token] => 016dc6646a1891bed46bcfccf4cb43f728ec0f156a42955ae0745a6e53b820d5
)

[2025-05-26 20:58:23] [DEBUG] Route found: App\Modules\Auth\Controllers\LoginController::handleLogin
[2025-05-26 20:58:23] [DEBUG] Middleware checking access for URI: /login
[2025-05-26 20:58:23] [DEBUG] Session user_id in middleware: NOT SET
[2025-05-26 20:58:23] [DEBUG] Access granted for URI: /login
[2025-05-26 20:58:23] [DEBUG] Middleware allowed access
[2025-05-26 20:58:23] [DEBUG] LoginController instantiated
[2025-05-26 20:58:23] [DEBUG] Controller instantiated, calling method
[2025-05-26 20:58:23] [DEBUG] handleLogin called
[2025-05-26 20:58:23] [DEBUG] POST data: Array
(
    [csrf_token] => 016dc6646a1891bed46bcfccf4cb43f728ec0f156a42955ae0745a6e53b820d5
    [email] => active@example.com
    [password] => password
)

[2025-05-26 20:58:23] [DEBUG] Session before login: Array
(
    [csrf_token] => 016dc6646a1891bed46bcfccf4cb43f728ec0f156a42955ae0745a6e53b820d5
)

[2025-05-26 20:58:23] [DEBUG] Login attempt for email: active@example.com
[2025-05-26 20:58:23] [DEBUG] CSRF check - Submitted: 016dc6646a...
[2025-05-26 20:58:23] [DEBUG] CSRF check - Session: 016dc6646a...
[2025-05-26 20:58:23] [DEBUG] Looking up user in database...
[2025-05-26 20:58:23] [DEBUG] User found: Array
(
    [id] => 2
    [email] => active@example.com
    [password] => $argon2id$v=19$m=16,t=2,p=1$ZmRzYWRmYXNkZg$SGUTNcWK+Ec+L871LKGlPg
    [status] => active
    [display_name] => 
    [created_at] => 2025-05-26 03:08:23
)

[2025-05-26 20:58:23] [DEBUG] Password verification successful
[2025-05-26 20:58:23] [DEBUG] User status: active
[2025-05-26 20:58:23] [DEBUG] User is active, proceeding with login
[2025-05-26 20:58:23] [DEBUG] Session regenerated from ls6co4cdpvj0e2rsqq7lhbc0is to fhmrtqej19p5b67keq8m6dhf47
[2025-05-26 20:58:23] [DEBUG] Session variables set:
[2025-05-26 20:58:23] [DEBUG] user_id: 2
[2025-05-26 20:58:23] [DEBUG] email: active@example.com
[2025-05-26 20:58:23] [DEBUG] Full session after login: Array
(
    [csrf_token] => 016dc6646a1891bed46bcfccf4cb43f728ec0f156a42955ae0745a6e53b820d5
    [user_id] => 2
    [email] => active@example.com
)

[2025-05-26 20:58:23] [DEBUG] Redirecting to dashboard
[2025-05-26 20:58:23] [DEBUG] Sending response
[2025-05-26 20:58:23] [DEBUG] Application starting...
[2025-05-26 20:58:23] [DEBUG] HTTP detected - secure cookies disabled
[2025-05-26 20:58:23] [DEBUG] Starting session...
[2025-05-26 20:58:23] [DEBUG] Session started. Session ID: fhmrtqej19p5b67keq8m6dhf47
[2025-05-26 20:58:23] [DEBUG] Session data: Array
(
    [csrf_token] => 016dc6646a1891bed46bcfccf4cb43f728ec0f156a42955ae0745a6e53b820d5
    [user_id] => 2
    [email] => active@example.com
)

[2025-05-26 20:58:23] [DEBUG] Environment loaded successfully
[2025-05-26 20:58:23] [DEBUG] Dispatching router...
[2025-05-26 20:58:23] [DEBUG] Router dispatch started
[2025-05-26 20:58:23] [DEBUG] Request: GET /dashboard
[2025-05-26 20:58:23] [DEBUG] Session in router: Array
(
    [csrf_token] => 016dc6646a1891bed46bcfccf4cb43f728ec0f156a42955ae0745a6e53b820d5
    [user_id] => 2
    [email] => active@example.com
)

[2025-05-26 20:58:23] [DEBUG] Route found: App\Modules\Auth\Controllers\LoginController::dashboard
[2025-05-26 20:58:23] [DEBUG] Middleware checking access for URI: /dashboard
[2025-05-26 20:58:23] [DEBUG] Session user_id in middleware: 2
[2025-05-26 20:58:23] [DEBUG] Access granted for URI: /dashboard
[2025-05-26 20:58:23] [DEBUG] Middleware allowed access
[2025-05-26 20:58:23] [DEBUG] LoginController instantiated
[2025-05-26 20:58:23] [DEBUG] Controller instantiated, calling method
[2025-05-26 20:58:23] [DEBUG] dashboard called
[2025-05-26 20:58:23] [DEBUG] Session at dashboard: Array
(
    [csrf_token] => 016dc6646a1891bed46bcfccf4cb43f728ec0f156a42955ae0745a6e53b820d5
    [user_id] => 2
    [email] => active@example.com
)

[2025-05-26 20:58:23] [DEBUG] Looking up user by ID: 2
[2025-05-26 20:58:23] [DEBUG] User found for dashboard: Array
(
    [id] => 2
    [email] => active@example.com
    [password] => $argon2id$v=19$m=16,t=2,p=1$ZmRzYWRmYXNkZg$SGUTNcWK+Ec+L871LKGlPg
    [status] => active
    [display_name] => 
    [created_at] => 2025-05-26 03:08:23
)

[2025-05-26 20:58:23] [DEBUG] Rendering dashboard
[2025-05-26 20:58:23] [DEBUG] Sending response
[2025-05-26 20:58:58] [DEBUG] Application starting...
[2025-05-26 20:58:58] [DEBUG] HTTP detected - secure cookies disabled
[2025-05-26 20:58:58] [DEBUG] Starting session...
[2025-05-26 20:58:58] [DEBUG] Session started. Session ID: fhmrtqej19p5b67keq8m6dhf47
[2025-05-26 20:58:58] [DEBUG] Session data: Array
(
    [csrf_token] => 016dc6646a1891bed46bcfccf4cb43f728ec0f156a42955ae0745a6e53b820d5
    [user_id] => 2
    [email] => active@example.com
)

[2025-05-26 20:58:58] [DEBUG] Environment loaded successfully
[2025-05-26 20:58:58] [DEBUG] Dispatching router...
[2025-05-26 20:58:58] [DEBUG] Router dispatch started
[2025-05-26 20:58:58] [DEBUG] Request: GET /logout
[2025-05-26 20:58:58] [DEBUG] Session in router: Array
(
    [csrf_token] => 016dc6646a1891bed46bcfccf4cb43f728ec0f156a42955ae0745a6e53b820d5
    [user_id] => 2
    [email] => active@example.com
)

[2025-05-26 20:58:58] [DEBUG] Route found: App\Modules\Auth\Controllers\LoginController::logout
[2025-05-26 20:58:58] [DEBUG] Middleware checking access for URI: /logout
[2025-05-26 20:58:58] [DEBUG] Session user_id in middleware: 2
[2025-05-26 20:58:58] [DEBUG] Access granted for URI: /logout
[2025-05-26 20:58:58] [DEBUG] Middleware allowed access
[2025-05-26 20:58:58] [DEBUG] LoginController instantiated
[2025-05-26 20:58:58] [DEBUG] Controller instantiated, calling method
[2025-05-26 20:58:58] [DEBUG] logout called
[2025-05-26 20:58:58] [DEBUG] Session before logout: Array
(
    [csrf_token] => 016dc6646a1891bed46bcfccf4cb43f728ec0f156a42955ae0745a6e53b820d5
    [user_id] => 2
    [email] => active@example.com
)

[2025-05-26 20:58:58] [DEBUG] Session after logout: Array
(
)

[2025-05-26 20:58:58] [DEBUG] Sending response
[2025-05-26 20:58:58] [DEBUG] Application starting...
[2025-05-26 20:58:58] [DEBUG] HTTP detected - secure cookies disabled
[2025-05-26 20:58:58] [DEBUG] Starting session...
[2025-05-26 20:58:58] [DEBUG] Session started. Session ID: krevddnj19f6us5il7icsh25c6
[2025-05-26 20:58:58] [DEBUG] Session data: Array
(
)

[2025-05-26 20:58:58] [DEBUG] Environment loaded successfully
[2025-05-26 20:58:58] [DEBUG] Dispatching router...
[2025-05-26 20:58:58] [DEBUG] Router dispatch started
[2025-05-26 20:58:58] [DEBUG] Request: GET /login
[2025-05-26 20:58:58] [DEBUG] Session in router: Array
(
)

[2025-05-26 20:58:58] [DEBUG] Route found: App\Modules\Auth\Controllers\LoginController::showLoginForm
[2025-05-26 20:58:58] [DEBUG] Middleware checking access for URI: /login
[2025-05-26 20:58:58] [DEBUG] Session user_id in middleware: NOT SET
[2025-05-26 20:58:58] [DEBUG] Access granted for URI: /login
[2025-05-26 20:58:58] [DEBUG] Middleware allowed access
[2025-05-26 20:58:58] [DEBUG] LoginController instantiated
[2025-05-26 20:58:58] [DEBUG] Controller instantiated, calling method
[2025-05-26 20:58:58] [DEBUG] showLoginForm called
[2025-05-26 20:58:58] [DEBUG] Generated new CSRF token
[2025-05-26 20:58:58] [DEBUG] Rendering login form
[2025-05-26 20:58:58] [DEBUG] Echoing result
